-- The C compiler identification is GNU 11.4.0
-- The CXX compiler identification is GNU 11.4.0
-- Detecting C compiler ABI info
-- Detecting C compiler ABI info - done
-- Check for working C compiler: /usr/bin/cc - skipped
-- Detecting C compile features
-- Detecting C compile features - done
-- Detecting CXX compiler ABI info
-- Detecting CXX compiler ABI info - done
-- Check for working CXX compiler: /usr/bin/c++ - skipped
-- Detecting CXX compile features
-- Detecting CXX compile features - done
-- Found ament_cmake: 1.3.12 (/opt/ros/humble/share/ament_cmake/cmake)
-- Found Python3: /usr/bin/python3 (found version "3.10.12") found components: Interpreter 
-- Found rclcpp: 16.0.15 (/opt/ros/humble/share/rclcpp/cmake)
-- Found rosidl_generator_c: 3.1.7 (/opt/ros/humble/share/rosidl_generator_c/cmake)
-- Found rosidl_adapter: 3.1.7 (/opt/ros/humble/share/rosidl_adapter/cmake)
-- Found rosidl_generator_cpp: 3.1.7 (/opt/ros/humble/share/rosidl_generator_cpp/cmake)
-- Using all available rosidl_typesupport_c: rosidl_typesupport_fastrtps_c;rosidl_typesupport_introspection_c
-- Using all available rosidl_typesupport_cpp: rosidl_typesupport_fastrtps_cpp;rosidl_typesupport_introspection_cpp
-- Found rmw_implementation_cmake: 6.1.2 (/opt/ros/humble/share/rmw_implementation_cmake/cmake)
-- Found rmw_fastrtps_cpp: 6.2.9 (/opt/ros/humble/share/rmw_fastrtps_cpp/cmake)
-- Found OpenSSL: /usr/lib/x86_64-linux-gnu/libcrypto.so (found version "3.0.2")  
-- Found FastRTPS: /opt/ros/humble/include  
-- Using RMW implementation 'rmw_fastrtps_cpp' as default
-- Looking for pthread.h
-- Looking for pthread.h - found
-- Performing Test CMAKE_HAVE_LIBC_PTHREAD
-- Performing Test CMAKE_HAVE_LIBC_PTHREAD - Success
-- Found Threads: TRUE  
-- Found rclcpp_action: 16.0.15 (/opt/ros/humble/share/rclcpp_action/cmake)
-- Found rclcpp_components: 16.0.15 (/opt/ros/humble/share/rclcpp_components/cmake)
-- Found rosidl_default_generators: 1.2.0 (/opt/ros/humble/share/rosidl_default_generators/cmake)
-- Found ament_cmake_ros: 0.10.0 (/opt/ros/humble/share/ament_cmake_ros/cmake)
-- Using all available rosidl_typesupport_c: rosidl_typesupport_fastrtps_c;rosidl_typesupport_introspection_c
-- Using all available rosidl_typesupport_cpp: rosidl_typesupport_fastrtps_cpp;rosidl_typesupport_introspection_cpp
-- Found PythonInterp: /usr/bin/python3 (found suitable version "3.10.12", minimum required is "3.6") 
-- Found python_cmake_module: 0.10.0 (/opt/ros/humble/share/python_cmake_module/cmake)
-- Found PythonLibs: /usr/lib/x86_64-linux-gnu/libpython3.10.so (found suitable version "3.10.12", minimum required is "3.5") 
-- Using PYTHON_EXECUTABLE: /usr/bin/python3
-- Using PYTHON_INCLUDE_DIRS: /usr/include/python3.10
-- Using PYTHON_LIBRARIES: /usr/lib/x86_64-linux-gnu/libpython3.10.so
-- Found PythonExtra: .so  
-- Found ament_lint_auto: 0.12.14 (/opt/ros/humble/share/ament_lint_auto/cmake)
-- Added test 'cppcheck' to perform static code analysis on C / C++ code
-- Configured cppcheck include dirs: $<BUILD_INTERFACE:/home/jason/lift_ws/src/lift_control/build/lift_control/rosidl_generator_c>;$<BUILD_INTERFACE:/home/jason/lift_ws/src/lift_control/build/lift_control/rosidl_typesupport_fastrtps_c>;$<BUILD_INTERFACE:/home/jason/lift_ws/src/lift_control/build/lift_control/rosidl_generator_cpp>;$<BUILD_INTERFACE:/home/jason/lift_ws/src/lift_control/build/lift_control/rosidl_typesupport_fastrtps_cpp>;$<BUILD_INTERFACE:/home/jason/lift_ws/src/lift_control/build/lift_control/rosidl_typesupport_introspection_c>;$<BUILD_INTERFACE:/home/jason/lift_ws/src/lift_control/build/lift_control/rosidl_typesupport_introspection_cpp>;/home/jason/lift_ws/src/lift_control/build/lift_control/rosidl_generator_c;/home/jason/lift_ws/src/lift_control/build/lift_control/rosidl_generator_py;$<BUILD_INTERFACE:/home/jason/lift_ws/src/lift_control/include>
-- Configured cppcheck exclude dirs and/or files: 
-- Added test 'flake8' to check Python code syntax and style conventions
-- Added test 'lint_cmake' to check CMake code style
-- Added test 'pep257' to check Python code against some of the docstring style conventions in PEP 257
-- Added test 'uncrustify' to check C / C++ code style
-- Configured uncrustify additional arguments: 
-- Added test 'xmllint' to check XML markup files
-- Configuring done
-- Generating done
-- Build files have been written to: /home/jason/lift_ws/src/lift_control/build/lift_control
[  2%] [34m[1mGenerating C code for ROS interfaces[0m
[  8%] [32mBuilding CXX object CMakeFiles/lift_state.dir/src/lift_state.cpp.o[0m
[  8%] [32mBuilding CXX object CMakeFiles/lift_command.dir/src/lift_command.cpp.o[0m
[ 10%] [34m[1mGenerating C++ code for ROS interfaces[0m
[ 13%] [32mBuilding CXX object CMakeFiles/action_server.dir/src/lift_state.cpp.o[0m
[ 13%] Built target ament_cmake_python_copy_lift_control
running egg_info
creating lift_control.egg-info
writing lift_control.egg-info/PKG-INFO
writing dependency_links to lift_control.egg-info/dependency_links.txt
writing top-level names to lift_control.egg-info/top_level.txt
writing manifest file 'lift_control.egg-info/SOURCES.txt'
reading manifest file 'lift_control.egg-info/SOURCES.txt'
writing manifest file 'lift_control.egg-info/SOURCES.txt'
[ 13%] Built target ament_cmake_python_build_lift_control_egg
[ 16%] [32mBuilding C object CMakeFiles/lift_control__rosidl_generator_c.dir/rosidl_generator_c/lift_control/action/detail/command__functions.c.o[0m
[ 16%] Built target lift_control__cpp
[ 18%] [34m[1mGenerating C++ type support dispatch for ROS interfaces[0m
[ 24%] [34m[1mGenerating C++ type support for eProsima Fast-RTPS[0m
[ 24%] [34m[1mGenerating C++ introspection for ROS interfaces[0m
[ 27%] [32m[1mLinking C shared library liblift_control__rosidl_generator_c.so[0m
[ 27%] Built target lift_control__rosidl_generator_c
[ 29%] [34m[1mGenerating C type support dispatch for ROS interfaces[0m
[ 35%] [34m[1mGenerating C introspection for ROS interfaces[0m
[ 35%] [34m[1mGenerating C type support for eProsima Fast-RTPS[0m
[ 37%] [32mBuilding CXX object CMakeFiles/lift_control__rosidl_typesupport_cpp.dir/rosidl_typesupport_cpp/lift_control/action/command__type_support.cpp.o[0m
[ 40%] [32mBuilding CXX object CMakeFiles/lift_control__rosidl_typesupport_fastrtps_cpp.dir/rosidl_typesupport_fastrtps_cpp/lift_control/action/detail/dds_fastrtps/command__type_support.cpp.o[0m
[ 43%] [32mBuilding CXX object CMakeFiles/lift_control__rosidl_typesupport_c.dir/rosidl_typesupport_c/lift_control/action/command__type_support.cpp.o[0m
[ 45%] [32mBuilding CXX object CMakeFiles/lift_control__rosidl_typesupport_introspection_cpp.dir/rosidl_typesupport_introspection_cpp/lift_control/action/detail/command__type_support.cpp.o[0m
[ 48%] [32m[1mLinking CXX shared library liblift_control__rosidl_typesupport_c.so[0m
[ 51%] [32mBuilding CXX object CMakeFiles/lift_control__rosidl_typesupport_fastrtps_c.dir/rosidl_typesupport_fastrtps_c/lift_control/action/detail/command__type_support_c.cpp.o[0m
[ 51%] Built target lift_control__rosidl_typesupport_c
[ 54%] [32mBuilding C object CMakeFiles/lift_control__rosidl_typesupport_introspection_c.dir/rosidl_typesupport_introspection_c/lift_control/action/detail/command__type_support.c.o[0m
[ 56%] [32m[1mLinking C shared library liblift_control__rosidl_typesupport_introspection_c.so[0m
[ 56%] Built target lift_control__rosidl_typesupport_introspection_c
[ 59%] [32m[1mLinking CXX shared library liblift_control__rosidl_typesupport_fastrtps_c.so[0m
[ 62%] [32m[1mLinking CXX shared library liblift_control__rosidl_typesupport_fastrtps_cpp.so[0m
[ 62%] Built target lift_control__rosidl_typesupport_fastrtps_c
[ 64%] [32m[1mLinking CXX shared library liblift_control__rosidl_typesupport_introspection_cpp.so[0m
[ 64%] Built target lift_control__rosidl_typesupport_fastrtps_cpp
[ 67%] [32m[1mLinking CXX shared library liblift_control__rosidl_typesupport_cpp.so[0m
[ 67%] Built target lift_control__rosidl_typesupport_introspection_cpp
[ 67%] Built target lift_control__rosidl_typesupport_cpp
[ 67%] Built target lift_control
[ 70%] [34m[1mGenerating Python code for ROS interfaces[0m
[ 70%] Built target lift_control__py
[ 72%] [32mBuilding C object CMakeFiles/lift_control__rosidl_generator_py.dir/rosidl_generator_py/lift_control/action/_command_s.c.o[0m
[ 75%] [32m[1mLinking C shared library rosidl_generator_py/lift_control/liblift_control__rosidl_generator_py.so[0m
[ 75%] Built target lift_control__rosidl_generator_py
[ 78%] [32mBuilding C object CMakeFiles/lift_control__rosidl_typesupport_introspection_c__pyext.dir/rosidl_generator_py/lift_control/_lift_control_s.ep.rosidl_typesupport_introspection_c.c.o[0m
[ 81%] [32mBuilding C object CMakeFiles/lift_control__rosidl_typesupport_fastrtps_c__pyext.dir/rosidl_generator_py/lift_control/_lift_control_s.ep.rosidl_typesupport_fastrtps_c.c.o[0m
[ 83%] [32mBuilding C object CMakeFiles/lift_control__rosidl_typesupport_c__pyext.dir/rosidl_generator_py/lift_control/_lift_control_s.ep.rosidl_typesupport_c.c.o[0m
[ 86%] [32m[1mLinking C shared library rosidl_generator_py/lift_control/lift_control_s__rosidl_typesupport_fastrtps_c.cpython-310-x86_64-linux-gnu.so[0m
[ 89%] [32m[1mLinking C shared library rosidl_generator_py/lift_control/lift_control_s__rosidl_typesupport_c.cpython-310-x86_64-linux-gnu.so[0m
[ 89%] Built target lift_control__rosidl_typesupport_fastrtps_c__pyext
[ 89%] Built target lift_control__rosidl_typesupport_c__pyext
[ 91%] [32m[1mLinking C shared library rosidl_generator_py/lift_control/lift_control_s__rosidl_typesupport_introspection_c.cpython-310-x86_64-linux-gnu.so[0m
[ 91%] Built target lift_control__rosidl_typesupport_introspection_c__pyext
[ 94%] [32m[1mLinking CXX executable lift_command[0m
[ 94%] Built target lift_command
