[0.009s] Invoking command in '/home/jason/lift_ws/src/lift_control/build/lift_control': CMAKE_PREFIX_PATH=${CMAKE_PREFIX_PATH}:/home/jason/turtlebot3_ws/install/turtlebot3_teleop:/home/jason/turtlebot3_ws/install/turtlebot3_example:/home/jason/colcon_ws/install/tb3_multi_robot:/home/jason/colcon_ws/install/py_pubsub:/home/jason/colcon_ws/install/auto_nav:/opt/ros/humble /usr/bin/cmake --build /home/jason/lift_ws/src/lift_control/build/lift_control -- -j20 -l20
[0.038s] -- Found ament_cmake: 1.3.12 (/opt/ros/humble/share/ament_cmake/cmake)
[0.125s] -- Found rclcpp: 16.0.15 (/opt/ros/humble/share/rclcpp/cmake)
[0.144s] -- Found rosidl_generator_c: 3.1.7 (/opt/ros/humble/share/rosidl_generator_c/cmake)
[0.145s] -- Found rosidl_adapter: 3.1.7 (/opt/ros/humble/share/rosidl_adapter/cmake)
[0.149s] -- Found rosidl_generator_cpp: 3.1.7 (/opt/ros/humble/share/rosidl_generator_cpp/cmake)
[0.155s] -- Using all available rosidl_typesupport_c: rosidl_typesupport_fastrtps_c;rosidl_typesupport_introspection_c
[0.163s] -- Using all available rosidl_typesupport_cpp: rosidl_typesupport_fastrtps_cpp;rosidl_typesupport_introspection_cpp
[0.184s] -- Found rmw_implementation_cmake: 6.1.2 (/opt/ros/humble/share/rmw_implementation_cmake/cmake)
[0.185s] -- Found rmw_fastrtps_cpp: 6.2.9 (/opt/ros/humble/share/rmw_fastrtps_cpp/cmake)
[0.274s] -- Using RMW implementation 'rmw_fastrtps_cpp' as default
[0.307s] -- Found rclcpp_action: 16.0.15 (/opt/ros/humble/share/rclcpp_action/cmake)
[0.326s] -- Found rclcpp_components: 16.0.15 (/opt/ros/humble/share/rclcpp_components/cmake)
[0.345s] [31mCMake Error at CMakeLists.txt:15 (find_package):
[0.345s]   By not providing "Findlift_control.cmake" in CMAKE_MODULE_PATH this project
[0.345s]   has asked CMake to find a package configuration file provided by
[0.345s]   "lift_control", but CMake did not find one.
[0.345s] 
[0.345s]   Could not find a package configuration file provided by "lift_control" with
[0.345s]   any of the following names:
[0.345s] 
[0.345s]     lift_controlConfig.cmake
[0.345s]     lift_control-config.cmake
[0.345s] 
[0.346s]   Add the installation prefix of "lift_control" to CMAKE_PREFIX_PATH or set
[0.346s]   "lift_control_DIR" to a directory containing one of the above files.  If
[0.346s]   "lift_control" provides a separate development package or SDK, be sure it
[0.346s]   has been installed.
[0.346s] 
[0.346s] [0m
[0.346s] -- Configuring incomplete, errors occurred!
[0.346s] See also "/home/jason/lift_ws/src/lift_control/build/lift_control/CMakeFiles/CMakeOutput.log".
[0.350s] gmake: *** [Makefile:846: cmake_check_build_system] Error 1
[0.352s] Invoked command in '/home/jason/lift_ws/src/lift_control/build/lift_control' returned '2': CMAKE_PREFIX_PATH=${CMAKE_PREFIX_PATH}:/home/jason/turtlebot3_ws/install/turtlebot3_teleop:/home/jason/turtlebot3_ws/install/turtlebot3_example:/home/jason/colcon_ws/install/tb3_multi_robot:/home/jason/colcon_ws/install/py_pubsub:/home/jason/colcon_ws/install/auto_nav:/opt/ros/humble /usr/bin/cmake --build /home/jason/lift_ws/src/lift_control/build/lift_control -- -j20 -l20
