[0.064s] DEBUG:colcon:Command line arguments: ['/usr/bin/colcon', 'build']
[0.064s] DEBUG:colcon:Parsed command line arguments: Namespace(log_base=None, log_level=None, verb_name='build', build_base='build', install_base='install', merge_install=False, symlink_install=False, test_result_base=None, continue_on_error=False, executor='parallel', parallel_workers=20, event_handlers=None, ignore_user_meta=False, metas=['./colcon.meta'], base_paths=['.'], packages_ignore=None, packages_ignore_regex=None, paths=None, packages_up_to=None, packages_up_to_regex=None, packages_above=None, packages_above_and_dependencies=None, packages_above_depth=None, packages_select_by_dep=None, packages_skip_by_dep=None, packages_skip_up_to=None, packages_select_build_failed=False, packages_skip_build_finished=False, packages_select_test_failures=False, packages_skip_test_passed=False, packages_select=None, packages_skip=None, packages_select_regex=None, packages_skip_regex=None, packages_start=None, packages_end=None, allow_overriding=[], cmake_args=None, cmake_target=None, cmake_target_skip_unavailable=False, cmake_clean_cache=False, cmake_clean_first=False, cmake_force_configure=False, ament_cmake_args=None, catkin_cmake_args=None, catkin_skip_building_tests=False, verb_parser=<colcon_defaults.argument_parser.defaults.DefaultArgumentsDecorator object at 0x7bc9a8cf14b0>, verb_extension=<colcon_core.verb.build.BuildVerb object at 0x7bc9a8de6890>, main=<bound method BuildVerb.main of <colcon_core.verb.build.BuildVerb object at 0x7bc9a8de6890>>)
[0.155s] Level 1:colcon.colcon_core.package_discovery:discover_packages(colcon_meta) check parameters
[0.155s] Level 1:colcon.colcon_core.package_discovery:discover_packages(recursive) check parameters
[0.155s] Level 1:colcon.colcon_core.package_discovery:discover_packages(ignore) check parameters
[0.155s] Level 1:colcon.colcon_core.package_discovery:discover_packages(path) check parameters
[0.155s] Level 1:colcon.colcon_core.package_discovery:discover_packages(colcon_meta) discover
[0.155s] Level 1:colcon.colcon_core.package_discovery:discover_packages(recursive) discover
[0.155s] INFO:colcon.colcon_core.package_discovery:Crawling recursively for packages in '/home/jason/lift_ws/src/lift_control'
[0.155s] Level 1:colcon.colcon_core.package_identification:_identify(.) by extensions ['ignore', 'ignore_ament_install']
[0.155s] Level 1:colcon.colcon_core.package_identification:_identify(.) by extension 'ignore'
[0.155s] Level 1:colcon.colcon_core.package_identification:_identify(.) by extension 'ignore_ament_install'
[0.155s] Level 1:colcon.colcon_core.package_identification:_identify(.) by extensions ['colcon_pkg']
[0.155s] Level 1:colcon.colcon_core.package_identification:_identify(.) by extension 'colcon_pkg'
[0.155s] Level 1:colcon.colcon_core.package_identification:_identify(.) by extensions ['colcon_meta']
[0.155s] Level 1:colcon.colcon_core.package_identification:_identify(.) by extension 'colcon_meta'
[0.155s] Level 1:colcon.colcon_core.package_identification:_identify(.) by extensions ['ros']
[0.155s] Level 1:colcon.colcon_core.package_identification:_identify(.) by extension 'ros'
[0.164s] DEBUG:colcon.colcon_core.package_identification:Package '.' with type 'ros.ament_cmake' and name 'lift_control'
[0.164s] Level 1:colcon.colcon_core.package_discovery:discover_packages(recursive) using defaults
[0.164s] Level 1:colcon.colcon_core.package_discovery:discover_packages(ignore) discover
[0.164s] Level 1:colcon.colcon_core.package_discovery:discover_packages(ignore) using defaults
[0.164s] Level 1:colcon.colcon_core.package_discovery:discover_packages(path) discover
[0.164s] Level 1:colcon.colcon_core.package_discovery:discover_packages(path) using defaults
[0.177s] Level 1:colcon.colcon_core.package_discovery:discover_packages(prefix_path) check parameters
[0.177s] Level 1:colcon.colcon_core.package_discovery:discover_packages(prefix_path) discover
[0.179s] DEBUG:colcon.colcon_installed_package_information.package_discovery:Found 16 installed packages in /home/jason/turtlebot3_ws/install
[0.179s] DEBUG:colcon.colcon_installed_package_information.package_discovery:Found 3 installed packages in /home/jason/colcon_ws/install
[0.180s] DEBUG:colcon.colcon_installed_package_information.package_discovery:Found 337 installed packages in /opt/ros/humble
[0.186s] Level 1:colcon.colcon_core.package_discovery:discover_packages(prefix_path) using defaults
[0.210s] Level 5:colcon.colcon_core.verb:set package 'lift_control' build argument 'cmake_args' from command line to 'None'
[0.210s] Level 5:colcon.colcon_core.verb:set package 'lift_control' build argument 'cmake_target' from command line to 'None'
[0.210s] Level 5:colcon.colcon_core.verb:set package 'lift_control' build argument 'cmake_target_skip_unavailable' from command line to 'False'
[0.210s] Level 5:colcon.colcon_core.verb:set package 'lift_control' build argument 'cmake_clean_cache' from command line to 'False'
[0.210s] Level 5:colcon.colcon_core.verb:set package 'lift_control' build argument 'cmake_clean_first' from command line to 'False'
[0.210s] Level 5:colcon.colcon_core.verb:set package 'lift_control' build argument 'cmake_force_configure' from command line to 'False'
[0.210s] Level 5:colcon.colcon_core.verb:set package 'lift_control' build argument 'ament_cmake_args' from command line to 'None'
[0.210s] Level 5:colcon.colcon_core.verb:set package 'lift_control' build argument 'catkin_cmake_args' from command line to 'None'
[0.210s] Level 5:colcon.colcon_core.verb:set package 'lift_control' build argument 'catkin_skip_building_tests' from command line to 'False'
[0.210s] DEBUG:colcon.colcon_core.verb:Building package 'lift_control' with the following arguments: {'ament_cmake_args': None, 'build_base': '/home/jason/lift_ws/src/lift_control/build/lift_control', 'catkin_cmake_args': None, 'catkin_skip_building_tests': False, 'cmake_args': None, 'cmake_clean_cache': False, 'cmake_clean_first': False, 'cmake_force_configure': False, 'cmake_target': None, 'cmake_target_skip_unavailable': False, 'install_base': '/home/jason/lift_ws/src/lift_control/install/lift_control', 'merge_install': False, 'path': '/home/jason/lift_ws/src/lift_control', 'symlink_install': False, 'test_result_base': None}
[0.210s] INFO:colcon.colcon_core.executor:Executing jobs using 'parallel' executor
[0.211s] DEBUG:colcon.colcon_parallel_executor.executor.parallel:run_until_complete
[0.211s] INFO:colcon.colcon_ros.task.ament_cmake.build:Building ROS package in '/home/jason/lift_ws/src/lift_control' with build type 'ament_cmake'
[0.211s] INFO:colcon.colcon_cmake.task.cmake.build:Building CMake package in '/home/jason/lift_ws/src/lift_control'
[0.213s] INFO:colcon.colcon_core.plugin_system:Skipping extension 'colcon_core.shell.bat': Not used on non-Windows systems
[0.213s] INFO:colcon.colcon_core.shell:Skip shell extension 'powershell' for command environment: Not usable outside of PowerShell
[0.213s] DEBUG:colcon.colcon_core.shell:Skip shell extension 'dsv' for command environment
[0.222s] DEBUG:colcon.colcon_core.event_handler.log_command:Invoking command in '/home/jason/lift_ws/src/lift_control/build/lift_control': CMAKE_PREFIX_PATH=${CMAKE_PREFIX_PATH}:/home/jason/turtlebot3_ws/install/turtlebot3_teleop:/home/jason/turtlebot3_ws/install/turtlebot3_example:/home/jason/colcon_ws/install/tb3_multi_robot:/home/jason/colcon_ws/install/py_pubsub:/home/jason/colcon_ws/install/auto_nav:/opt/ros/humble /usr/bin/cmake --build /home/jason/lift_ws/src/lift_control/build/lift_control -- -j20 -l20
[1.226s] DEBUG:colcon.colcon_core.event_handler.log_command:Invoked command in '/home/jason/lift_ws/src/lift_control/build/lift_control' returned '2': CMAKE_PREFIX_PATH=${CMAKE_PREFIX_PATH}:/home/jason/turtlebot3_ws/install/turtlebot3_teleop:/home/jason/turtlebot3_ws/install/turtlebot3_example:/home/jason/colcon_ws/install/tb3_multi_robot:/home/jason/colcon_ws/install/py_pubsub:/home/jason/colcon_ws/install/auto_nav:/opt/ros/humble /usr/bin/cmake --build /home/jason/lift_ws/src/lift_control/build/lift_control -- -j20 -l20
[1.227s] Level 1:colcon.colcon_core.environment:create_environment_scripts_only(lift_control)
[1.229s] Level 1:colcon.colcon_core.environment:checking '/home/jason/lift_ws/src/lift_control/install/lift_control' for CMake module files
[1.229s] Level 1:colcon.colcon_core.environment:checking '/home/jason/lift_ws/src/lift_control/install/lift_control' for CMake config files
[1.229s] Level 1:colcon.colcon_core.environment:checking '/home/jason/lift_ws/src/lift_control/install/lift_control/bin'
[1.229s] Level 1:colcon.colcon_core.environment:checking '/home/jason/lift_ws/src/lift_control/install/lift_control/lib/pkgconfig/lift_control.pc'
[1.229s] Level 1:colcon.colcon_core.environment:checking '/home/jason/lift_ws/src/lift_control/install/lift_control/lib/python3.10/site-packages'
[1.230s] Level 1:colcon.colcon_core.environment:checking '/home/jason/lift_ws/src/lift_control/install/lift_control/bin'
[1.230s] INFO:colcon.colcon_core.shell:Creating package script '/home/jason/lift_ws/src/lift_control/install/lift_control/share/lift_control/package.ps1'
[1.230s] INFO:colcon.colcon_core.shell:Creating package descriptor '/home/jason/lift_ws/src/lift_control/install/lift_control/share/lift_control/package.dsv'
[1.231s] INFO:colcon.colcon_core.shell:Creating package script '/home/jason/lift_ws/src/lift_control/install/lift_control/share/lift_control/package.sh'
[1.231s] INFO:colcon.colcon_core.shell:Creating package script '/home/jason/lift_ws/src/lift_control/install/lift_control/share/lift_control/package.bash'
[1.232s] INFO:colcon.colcon_core.shell:Creating package script '/home/jason/lift_ws/src/lift_control/install/lift_control/share/lift_control/package.zsh'
[1.232s] Level 1:colcon.colcon_core.environment:create_file_with_runtime_dependencies(/home/jason/lift_ws/src/lift_control/install/lift_control/share/colcon-core/packages/lift_control)
[1.243s] DEBUG:colcon.colcon_parallel_executor.executor.parallel:closing loop
[1.243s] DEBUG:colcon.colcon_parallel_executor.executor.parallel:loop closed
[1.243s] DEBUG:colcon.colcon_parallel_executor.executor.parallel:run_until_complete finished with '2'
[1.243s] DEBUG:colcon.colcon_core.event_reactor:joining thread
[1.251s] INFO:colcon.colcon_core.plugin_system:Skipping extension 'colcon_notification.desktop_notification.terminal_notifier': Not used on non-Darwin systems
[1.251s] INFO:colcon.colcon_core.plugin_system:Skipping extension 'colcon_notification.desktop_notification.win32': Not used on non-Windows systems
[1.251s] INFO:colcon.colcon_notification.desktop_notification:Sending desktop notification using 'notify2'
[1.269s] DEBUG:colcon.colcon_core.event_reactor:joined thread
[1.269s] INFO:colcon.colcon_core.shell:Creating prefix script '/home/jason/lift_ws/src/lift_control/install/local_setup.ps1'
[1.271s] INFO:colcon.colcon_core.shell:Creating prefix util module '/home/jason/lift_ws/src/lift_control/install/_local_setup_util_ps1.py'
[1.272s] INFO:colcon.colcon_core.shell:Creating prefix chain script '/home/jason/lift_ws/src/lift_control/install/setup.ps1'
[1.274s] INFO:colcon.colcon_core.shell:Creating prefix script '/home/jason/lift_ws/src/lift_control/install/local_setup.sh'
[1.275s] INFO:colcon.colcon_core.shell:Creating prefix util module '/home/jason/lift_ws/src/lift_control/install/_local_setup_util_sh.py'
[1.276s] INFO:colcon.colcon_core.shell:Creating prefix chain script '/home/jason/lift_ws/src/lift_control/install/setup.sh'
[1.278s] INFO:colcon.colcon_core.shell:Creating prefix script '/home/jason/lift_ws/src/lift_control/install/local_setup.bash'
[1.279s] INFO:colcon.colcon_core.shell:Creating prefix chain script '/home/jason/lift_ws/src/lift_control/install/setup.bash'
[1.282s] INFO:colcon.colcon_core.shell:Creating prefix script '/home/jason/lift_ws/src/lift_control/install/local_setup.zsh'
[1.283s] INFO:colcon.colcon_core.shell:Creating prefix chain script '/home/jason/lift_ws/src/lift_control/install/setup.zsh'
