[0.010s] Invoking command in '/home/jason/lift_ws/src/lift_control/build/lift_control': CMAKE_PREFIX_PATH=${CMAKE_PREFIX_PATH}:/home/jason/turtlebot3_ws/install/turtlebot3_teleop:/home/jason/turtlebot3_ws/install/turtlebot3_example:/home/jason/colcon_ws/install/tb3_multi_robot:/home/jason/colcon_ws/install/py_pubsub:/home/jason/colcon_ws/install/auto_nav:/opt/ros/humble /usr/bin/cmake --build /home/jason/lift_ws/src/lift_control/build/lift_control -- -j20 -l20
[0.035s] -- Found ament_cmake: 1.3.12 (/opt/ros/humble/share/ament_cmake/cmake)
[0.130s] -- Found rclcpp: 16.0.15 (/opt/ros/humble/share/rclcpp/cmake)
[0.149s] -- Found rosidl_generator_c: 3.1.7 (/opt/ros/humble/share/rosidl_generator_c/cmake)
[0.150s] -- Found rosidl_adapter: 3.1.7 (/opt/ros/humble/share/rosidl_adapter/cmake)
[0.154s] -- Found rosidl_generator_cpp: 3.1.7 (/opt/ros/humble/share/rosidl_generator_cpp/cmake)
[0.160s] -- Using all available rosidl_typesupport_c: rosidl_typesupport_fastrtps_c;rosidl_typesupport_introspection_c
[0.168s] -- Using all available rosidl_typesupport_cpp: rosidl_typesupport_fastrtps_cpp;rosidl_typesupport_introspection_cpp
[0.189s] -- Found rmw_implementation_cmake: 6.1.2 (/opt/ros/humble/share/rmw_implementation_cmake/cmake)
[0.191s] -- Found rmw_fastrtps_cpp: 6.2.9 (/opt/ros/humble/share/rmw_fastrtps_cpp/cmake)
[0.268s] -- Using RMW implementation 'rmw_fastrtps_cpp' as default
[0.300s] -- Found rclcpp_action: 16.0.15 (/opt/ros/humble/share/rclcpp_action/cmake)
[0.319s] -- Found rclcpp_components: 16.0.15 (/opt/ros/humble/share/rclcpp_components/cmake)
[0.330s] -- Found rosidl_default_generators: 1.2.0 (/opt/ros/humble/share/rosidl_default_generators/cmake)
[0.543s] -- Found ament_cmake_ros: 0.10.0 (/opt/ros/humble/share/ament_cmake_ros/cmake)
[0.828s] -- Using all available rosidl_typesupport_c: rosidl_typesupport_fastrtps_c;rosidl_typesupport_introspection_c
[0.946s] -- Using all available rosidl_typesupport_cpp: rosidl_typesupport_fastrtps_cpp;rosidl_typesupport_introspection_cpp
[0.968s] -- Found python_cmake_module: 0.10.0 (/opt/ros/humble/share/python_cmake_module/cmake)
[0.986s] -- Using PYTHON_EXECUTABLE: /usr/bin/python3
[0.986s] -- Using PYTHON_INCLUDE_DIRS: /usr/include/python3.10
[0.986s] -- Using PYTHON_LIBRARIES: /usr/lib/x86_64-linux-gnu/libpython3.10.so
[1.006s] [31mCMake Error at /opt/ros/humble/share/ament_cmake_target_dependencies/cmake/ament_target_dependencies.cmake:77 (message):
[1.006s]   ament_target_dependencies() the passed package name 'lift_control' was not
[1.006s]   found before
[1.006s] Call Stack (most recent call first):
[1.006s]   CMakeLists.txt:32 (ament_target_dependencies)
[1.006s] 
[1.006s] [0m
[1.006s] -- Configuring incomplete, errors occurred!
[1.006s] See also "/home/jason/lift_ws/src/lift_control/build/lift_control/CMakeFiles/CMakeOutput.log".
[1.012s] gmake: *** [Makefile:846: cmake_check_build_system] Error 1
[1.014s] Invoked command in '/home/jason/lift_ws/src/lift_control/build/lift_control' returned '2': CMAKE_PREFIX_PATH=${CMAKE_PREFIX_PATH}:/home/jason/turtlebot3_ws/install/turtlebot3_teleop:/home/jason/turtlebot3_ws/install/turtlebot3_example:/home/jason/colcon_ws/install/tb3_multi_robot:/home/jason/colcon_ws/install/py_pubsub:/home/jason/colcon_ws/install/auto_nav:/opt/ros/humble /usr/bin/cmake --build /home/jason/lift_ws/src/lift_control/build/lift_control -- -j20 -l20
